<?xml version="1.0" encoding="UTF-8"?>
<testng-results skipped="1" failed="0" ignored="0" total="4" passed="3">
  <reporter-output>
  </reporter-output>
  <suite name="VWShopCartK" duration-ms="20507" started-at="2018-12-01T04:40:42Z" finished-at="2018-12-01T04:41:02Z">
    <groups>
    </groups>
    <test name="Firefox Test" duration-ms="20507" started-at="2018-12-01T04:40:42Z" finished-at="2018-12-01T04:41:02Z">
      <class name="com.VW.qa.TestPages.HomePageTest">
        <test-method status="PASS" signature="setup()[pri:0, instance:com.VW.qa.TestPages.HomePageTest@61832929]" name="setup" is-config="true" duration-ms="27521" started-at="2018-12-01T04:40:14Z" finished-at="2018-12-01T04:40:42Z">
          <reporter-output>
          </reporter-output>
        </test-method> <!-- setup -->
        <test-method status="PASS" signature="intialize()[pri:0, instance:com.VW.qa.TestPages.HomePageTest@61832929]" name="intialize" is-config="true" duration-ms="51" started-at="2018-12-01T04:40:42Z" finished-at="2018-12-01T04:40:42Z">
          <reporter-output>
          </reporter-output>
        </test-method> <!-- intialize -->
        <test-method status="PASS" signature="clickPhones()[pri:0, instance:com.VW.qa.TestPages.HomePageTest@61832929]" name="clickPhones" duration-ms="5279" started-at="2018-12-01T04:40:42Z" finished-at="2018-12-01T04:40:47Z">
          <reporter-output>
          </reporter-output>
        </test-method> <!-- clickPhones -->
        <test-method status="PASS" signature="tearDown()[pri:0, instance:com.VW.qa.TestPages.HomePageTest@61832929]" name="tearDown" is-config="true" duration-ms="5001" started-at="2018-12-01T04:41:03Z" finished-at="2018-12-01T04:41:08Z">
          <reporter-output>
          </reporter-output>
        </test-method> <!-- tearDown -->
      </class> <!-- com.VW.qa.TestPages.HomePageTest -->
      <class name="com.VW.qa.TestPages.AllSmartPhonesPageTest">
        <test-method status="PASS" signature="setup()[pri:0, instance:com.VW.qa.TestPages.AllSmartPhonesPageTest@29774679]" name="setup" is-config="true" duration-ms="1" started-at="2018-12-01T04:40:47Z" finished-at="2018-12-01T04:40:47Z">
          <reporter-output>
          </reporter-output>
        </test-method> <!-- setup -->
        <test-method status="PASS" signature="clickApple()[pri:0, instance:com.VW.qa.TestPages.AllSmartPhonesPageTest@29774679]" name="clickApple" duration-ms="4053" started-at="2018-12-01T04:40:47Z" finished-at="2018-12-01T04:40:51Z">
          <reporter-output>
          </reporter-output>
        </test-method> <!-- clickApple -->
        <test-method status="PASS" signature="tearDown()[pri:0, instance:com.VW.qa.TestPages.AllSmartPhonesPageTest@29774679]" name="tearDown" is-config="true" duration-ms="0" started-at="2018-12-01T04:40:51Z" finished-at="2018-12-01T04:40:51Z">
          <reporter-output>
          </reporter-output>
        </test-method> <!-- tearDown -->
      </class> <!-- com.VW.qa.TestPages.AllSmartPhonesPageTest -->
      <class name="com.VW.qa.TestPages.ProductDetailPageTest">
        <test-method status="PASS" signature="setup()[pri:0, instance:com.VW.qa.TestPages.ProductDetailPageTest@3ffc5af1]" name="setup" is-config="true" duration-ms="20" started-at="2018-12-01T04:40:51Z" finished-at="2018-12-01T04:40:51Z">
          <reporter-output>
          </reporter-output>
        </test-method> <!-- setup -->
        <test-method status="PASS" signature="clkRadioButton()[pri:1, instance:com.VW.qa.TestPages.ProductDetailPageTest@3ffc5af1]" name="clkRadioButton" duration-ms="11059" started-at="2018-12-01T04:40:51Z" finished-at="2018-12-01T04:41:02Z">
          <reporter-output>
          </reporter-output>
        </test-method> <!-- clkRadioButton -->
        <test-method status="FAIL" signature="tearDown()[pri:0, instance:com.VW.qa.TestPages.ProductDetailPageTest@3ffc5af1]" name="tearDown" is-config="true" duration-ms="0" started-at="2018-12-01T04:41:02Z" finished-at="2018-12-01T04:41:02Z">
          <exception class="java.lang.Error">
            <message>
              <![CDATA[Unresolved compilation problems: 
Syntax error, insert "VariableDeclarators" to complete LocalVariableDeclaration
Syntax error, insert ";" to complete BlockStatements
]]>
            </message>
            <full-stacktrace>
              <![CDATA[java.lang.Error: Unresolved compilation problems: 
Syntax error, insert "VariableDeclarators" to complete LocalVariableDeclaration
Syntax error, insert ";" to complete BlockStatements

at com.VW.qa.TestPages.ProductDetailPageTest.tearDown(ProductDetailPageTest.java:43)
at sun.reflect.NativeMethodAccessorImpl.invoke0(Native Method)
at sun.reflect.NativeMethodAccessorImpl.invoke(Unknown Source)
at sun.reflect.DelegatingMethodAccessorImpl.invoke(Unknown Source)
at java.lang.reflect.Method.invoke(Unknown Source)
at org.testng.internal.MethodInvocationHelper.invokeMethod(MethodInvocationHelper.java:124)
at org.testng.internal.MethodInvocationHelper.invokeMethodConsideringTimeout(MethodInvocationHelper.java:59)
at org.testng.internal.Invoker.invokeConfigurationMethod(Invoker.java:458)
at org.testng.internal.Invoker.invokeConfigurations(Invoker.java:222)
at org.testng.internal.Invoker.invokeMethod(Invoker.java:646)
at org.testng.internal.Invoker.invokeTestMethod(Invoker.java:719)
at org.testng.internal.Invoker.invokeTestMethods(Invoker.java:989)
at org.testng.internal.TestMethodWorker.invokeTestMethods(TestMethodWorker.java:125)
at org.testng.internal.TestMethodWorker.run(TestMethodWorker.java:109)
at org.testng.TestRunner.privateRun(TestRunner.java:648)
at org.testng.TestRunner.run(TestRunner.java:505)
at org.testng.SuiteRunner.runTest(SuiteRunner.java:455)
at org.testng.SuiteRunner.access$000(SuiteRunner.java:40)
at org.testng.SuiteRunner$SuiteWorker.run(SuiteRunner.java:489)
at org.testng.internal.thread.ThreadUtil$1.call(ThreadUtil.java:52)
at java.util.concurrent.FutureTask.run(Unknown Source)
at java.util.concurrent.ThreadPoolExecutor.runWorker(Unknown Source)
at java.util.concurrent.ThreadPoolExecutor$Worker.run(Unknown Source)
at java.lang.Thread.run(Unknown Source)
]]>
            </full-stacktrace>
          </exception> <!-- java.lang.Error -->
          <reporter-output>
          </reporter-output>
        </test-method> <!-- tearDown -->
        <test-method status="SKIP" signature="setup()[pri:0, instance:com.VW.qa.TestPages.ProductDetailPageTest@3ffc5af1]" name="setup" is-config="true" duration-ms="0" started-at="2018-12-01T04:41:02Z" finished-at="2018-12-01T04:41:02Z">
          <reporter-output>
          </reporter-output>
        </test-method> <!-- setup -->
        <test-method status="SKIP" signature="clkAddToCart()[pri:2, instance:com.VW.qa.TestPages.ProductDetailPageTest@3ffc5af1]" name="clkAddToCart" duration-ms="0" started-at="2018-12-01T04:41:02Z" finished-at="2018-12-01T04:41:02Z">
          <exception class="java.lang.Error">
            <message>
              <![CDATA[Unresolved compilation problems: 
Syntax error, insert "VariableDeclarators" to complete LocalVariableDeclaration
Syntax error, insert ";" to complete BlockStatements
]]>
            </message>
            <full-stacktrace>
              <![CDATA[java.lang.Error: Unresolved compilation problems: 
Syntax error, insert "VariableDeclarators" to complete LocalVariableDeclaration
Syntax error, insert ";" to complete BlockStatements

at com.VW.qa.TestPages.ProductDetailPageTest.tearDown(ProductDetailPageTest.java:43)
at sun.reflect.NativeMethodAccessorImpl.invoke0(Native Method)
at sun.reflect.NativeMethodAccessorImpl.invoke(Unknown Source)
at sun.reflect.DelegatingMethodAccessorImpl.invoke(Unknown Source)
at java.lang.reflect.Method.invoke(Unknown Source)
at org.testng.internal.MethodInvocationHelper.invokeMethod(MethodInvocationHelper.java:124)
at org.testng.internal.MethodInvocationHelper.invokeMethodConsideringTimeout(MethodInvocationHelper.java:59)
at org.testng.internal.Invoker.invokeConfigurationMethod(Invoker.java:458)
at org.testng.internal.Invoker.invokeConfigurations(Invoker.java:222)
at org.testng.internal.Invoker.invokeMethod(Invoker.java:646)
at org.testng.internal.Invoker.invokeTestMethod(Invoker.java:719)
at org.testng.internal.Invoker.invokeTestMethods(Invoker.java:989)
at org.testng.internal.TestMethodWorker.invokeTestMethods(TestMethodWorker.java:125)
at org.testng.internal.TestMethodWorker.run(TestMethodWorker.java:109)
at org.testng.TestRunner.privateRun(TestRunner.java:648)
at org.testng.TestRunner.run(TestRunner.java:505)
at org.testng.SuiteRunner.runTest(SuiteRunner.java:455)
at org.testng.SuiteRunner.access$000(SuiteRunner.java:40)
at org.testng.SuiteRunner$SuiteWorker.run(SuiteRunner.java:489)
at org.testng.internal.thread.ThreadUtil$1.call(ThreadUtil.java:52)
at java.util.concurrent.FutureTask.run(Unknown Source)
at java.util.concurrent.ThreadPoolExecutor.runWorker(Unknown Source)
at java.util.concurrent.ThreadPoolExecutor$Worker.run(Unknown Source)
at java.lang.Thread.run(Unknown Source)
]]>
            </full-stacktrace>
          </exception> <!-- java.lang.Error -->
          <reporter-output>
          </reporter-output>
        </test-method> <!-- clkAddToCart -->
        <test-method status="SKIP" signature="tearDown()[pri:0, instance:com.VW.qa.TestPages.ProductDetailPageTest@3ffc5af1]" name="tearDown" is-config="true" duration-ms="0" started-at="2018-12-01T04:41:02Z" finished-at="2018-12-01T04:41:02Z">
          <reporter-output>
          </reporter-output>
        </test-method> <!-- tearDown -->
      </class> <!-- com.VW.qa.TestPages.ProductDetailPageTest -->
    </test> <!-- Firefox Test -->
  </suite> <!-- VWShopCartK -->
</testng-results>
