<?xml version="1.0" encoding="UTF-8"?>
<testng-results skipped="0" failed="0" ignored="1" total="3" passed="2">
  <reporter-output>
  </reporter-output>
  <suite name="VWShopCartK" duration-ms="13840" started-at="2018-12-16T05:15:49Z" finished-at="2018-12-16T05:16:03Z">
    <groups>
    </groups>
    <test name="Firefox Test" duration-ms="13840" started-at="2018-12-16T05:15:49Z" finished-at="2018-12-16T05:16:03Z">
      <class name="com.VW.qa.TestPages.HomePageTest">
        <test-method status="PASS" signature="setup()[pri:0, instance:com.VW.qa.TestPages.HomePageTest@57fffcd7]" name="setup" is-config="true" duration-ms="31375" started-at="2018-12-16T05:15:18Z" finished-at="2018-12-16T05:15:49Z">
          <reporter-output>
          </reporter-output>
        </test-method> <!-- setup -->
        <test-method status="PASS" signature="intialize()[pri:0, instance:com.VW.qa.TestPages.HomePageTest@57fffcd7]" name="intialize" is-config="true" duration-ms="47" started-at="2018-12-16T05:15:49Z" finished-at="2018-12-16T05:15:49Z">
          <reporter-output>
          </reporter-output>
        </test-method> <!-- intialize -->
        <test-method status="PASS" signature="clickPhones()[pri:0, instance:com.VW.qa.TestPages.HomePageTest@57fffcd7]" name="clickPhones" duration-ms="8925" started-at="2018-12-16T05:15:49Z" finished-at="2018-12-16T05:15:58Z">
          <reporter-output>
          </reporter-output>
        </test-method> <!-- clickPhones -->
        <test-method status="PASS" signature="tearDown()[pri:0, instance:com.VW.qa.TestPages.HomePageTest@57fffcd7]" name="tearDown" is-config="true" duration-ms="0" started-at="2018-12-16T05:16:03Z" finished-at="2018-12-16T05:16:03Z">
          <reporter-output>
          </reporter-output>
        </test-method> <!-- tearDown -->
      </class> <!-- com.VW.qa.TestPages.HomePageTest -->
      <class name="com.VW.qa.TestPages.AllSmartPhonesPageTest">
        <test-method status="PASS" signature="intialize()[pri:0, instance:com.VW.qa.TestPages.AllSmartPhonesPageTest@31ef45e3]" name="intialize" is-config="true" duration-ms="2" started-at="2018-12-16T05:15:58Z" finished-at="2018-12-16T05:15:58Z">
          <reporter-output>
          </reporter-output>
        </test-method> <!-- intialize -->
        <test-method status="PASS" signature="clickApple()[pri:0, instance:com.VW.qa.TestPages.AllSmartPhonesPageTest@31ef45e3]" name="clickApple" duration-ms="4824" started-at="2018-12-16T05:15:58Z" finished-at="2018-12-16T05:16:03Z">
          <reporter-output>
          </reporter-output>
        </test-method> <!-- clickApple -->
        <test-method status="PASS" signature="tearDown()[pri:0, instance:com.VW.qa.TestPages.AllSmartPhonesPageTest@31ef45e3]" name="tearDown" is-config="true" duration-ms="0" started-at="2018-12-16T05:16:03Z" finished-at="2018-12-16T05:16:03Z">
          <reporter-output>
          </reporter-output>
        </test-method> <!-- tearDown -->
      </class> <!-- com.VW.qa.TestPages.AllSmartPhonesPageTest -->
    </test> <!-- Firefox Test -->
  </suite> <!-- VWShopCartK -->
</testng-results>
