<?xml version="1.0" encoding="UTF-8"?>
<!-- Generated by org.testng.reporters.JUnitXMLReporter -->
<testsuite hostname="DESKTOP-61JT6B8" ignored="0" name="Firefox Test" tests="4" failures="0" timestamp="01 Dec 2018 04:41:03 GMT" time="20.507" errors="0">
  <testcase name="@AfterMethod tearDown" time="0.0" classname="com.VW.qa.TestPages.ProductDetailPageTest">
    <failure type="java.lang.Error" message="Unresolved compilation problems: 
	Syntax error, insert &amp;quot;VariableDeclarators&amp;quot; to complete LocalVariableDeclaration
	Syntax error, insert &amp;quot;;&amp;quot; to complete BlockStatements
">
      <![CDATA[java.lang.Error: Unresolved compilation problems: 
Syntax error, insert "VariableDeclarators" to complete LocalVariableDeclaration
Syntax error, insert ";" to complete BlockStatements

at com.VW.qa.TestPages.ProductDetailPageTest.tearDown(ProductDetailPageTest.java:43)
at java.util.concurrent.FutureTask.run(Unknown Source)
at java.util.concurrent.ThreadPoolExecutor.runWorker(Unknown Source)
at java.util.concurrent.ThreadPoolExecutor$Worker.run(Unknown Source)
at java.lang.Thread.run(Unknown Source)
... Removed 19 stack frames]]>
    </failure>
  </testcase> <!-- @AfterMethod tearDown -->
  <testcase name="@BeforeMethod setup" time="0.0" classname="com.VW.qa.TestPages.ProductDetailPageTest">
    <skipped/>
  </testcase> <!-- @BeforeMethod setup -->
  <testcase name="@AfterMethod tearDown" time="0.0" classname="com.VW.qa.TestPages.ProductDetailPageTest">
    <skipped/>
  </testcase> <!-- @AfterMethod tearDown -->
  <testcase name="clickPhones" time="5.279" classname="com.VW.qa.TestPages.HomePageTest"/>
  <testcase name="clickApple" time="4.053" classname="com.VW.qa.TestPages.AllSmartPhonesPageTest"/>
  <testcase name="clkRadioButton" time="11.059" classname="com.VW.qa.TestPages.ProductDetailPageTest"/>
  <testcase name="clkAddToCart" time="0.0" classname="com.VW.qa.TestPages.ProductDetailPageTest">
    <skipped/>
  </testcase> <!-- clkAddToCart -->
</testsuite> <!-- Firefox Test -->
