<?xml version="1.0" encoding="UTF-8"?>
<!-- Generated by org.testng.reporters.JUnitXMLReporter -->
<testsuite hostname="DESKTOP-61JT6B8" ignored="1" name="Firefox Test" tests="2" failures="0" timestamp="16 Dec 2018 05:16:03 GMT" time="13.84" errors="0">
  <testcase name="clickPhones" time="8.925" classname="com.VW.qa.TestPages.HomePageTest"/>
  <testcase name="clickApple" time="4.824" classname="com.VW.qa.TestPages.AllSmartPhonesPageTest"/>
  <testcase name="@BeforeSuite setup" time="0.0" classname="com.VW.qa.TestBase.TestBaseClass">
    <ignored/>
  </testcase> <!-- @BeforeSuite setup -->
</testsuite> <!-- Firefox Test -->
